C51 COMPILER V9.60.0.0   MAIN                                                              03/04/2022 20:13:42 PAGE 1   


C51 COMPILER V9.60.0.0, COMPILATION OF MODULE MAIN
OBJECT MODULE PLACED IN .\Objects\main.obj
COMPILER INVOKED BY: C:\Program Files\Keil 5\C51\BIN\C51.EXE main.c OPTIMIZE(8,SPEED) BROWSE DEBUG OBJECTEXTEND PRINT(.\
                    -Listings\main.lst) TABS(2) OBJECT(.\Objects\main.obj)

line level    source

   1          #include "reg52.h"
   2          #include "intrins.h"
   3          #include "AD52.h"
   4          #include "LCDDriver.h"
   5          #include "EEPROM52.h"
   6          #include "SEGDriver.h"
   7          
   8          #define count 7
   9          sbit IN = P1^1;
  10          
  11          unsigned int ADC_Vin;
  12          unsigned char ADC_Str[5];
  13          unsigned char num_str[4];
  14          unsigned char demo=0;
  15          void main(){
  16   1        //unsigned int sum;
  17   1        AD_Init();
  18   1        LCD_Init();
  19   1        
  20   1        TMOD = 0x01;
  21   1        TH0 = 0xEE;
  22   1        TL0 = 0x00;
  23   1        TR0 = 1;
  24   1        ET0 = 1;
  25   1        EA = 1;
  26   1        
  27   1        eeprom_write(0x000,count&0xff);
  28   1        eeprom_write(0x200,count>>8);
  29   1      
  30   1      //  sum = eeprom_read(0x200)<<8|eeprom_read(0x000);
  31   1      //  LongToStr(sum,num_str);
  32   1        
  33   1        LCDShowStr(13,0,"ADC");
  34   1        while(1){
  35   2          LCDShowStr(0,0,"ADDRS:0x000");
  36   2          LCDShowStr(0,1,"READ:");
  37   2          LongToStr(eeprom_read(0x000),num_str);
  38   2          LCDShowStr(6,1,num_str);
  39   2          if(IN){LCDShowStr(10,1,"1");}else {LCDShowStr(10,1,"0");}
  40   2          LongToStr(ADC_Vin,num_str);
  41   2          LCDShowStr(13,1,num_str);
  42   2          demo ++;
  43   2          delay(500);
  44   2          LCDShowStr(0,0,"ADDRS:0x200");
  45   2          LCDShowStr(0,1,"READ:");
  46   2          LongToStr(eeprom_read(0x200),num_str);
  47   2          LCDShowStr(6,1,num_str);
  48   2          if(IN){LCDShowStr(10,1,"1");}else {LCDShowStr(10,1,"0");}
  49   2          LongToStr(ADC_Vin,num_str);
  50   2          LCDShowStr(13,1,num_str);
  51   2          demo ++;
  52   2          delay(500);
  53   2          
  54   2          
C51 COMPILER V9.60.0.0   MAIN                                                              03/04/2022 20:13:42 PAGE 2   

  55   2        }
  56   1      }
  57          void interruptTime0 () interrupt 1
  58          {
  59   1        TH0 = 0xEE;
  60   1        TL0 = 0x00;
  61   1        if(demo>9)demo = 0;
  62   1        SEGShowNum(demo);
  63   1      }
  64          
  65          void interruptADC() interrupt 5 
  66          {
  67   1        unsigned  ADC_num;
  68   1        ADC_CONTR &= !ADC_FLAG;
  69   1        ADC_num = (ADC_RES<<8)|ADC_RESL;
  70   1        
  71   1        ADC_Vin = (unsigned int)(((float)ADC_num * 506)/1024);
  72   1        ADC_CONTR = ADC_POWER|ADC_SPEEDLL|ADC_START|ADC_CH;
  73   1      }


MODULE INFORMATION:   STATIC OVERLAYABLE
   CODE SIZE        =    463    ----
   CONSTANT SIZE    =     38    ----
   XDATA SIZE       =   ----    ----
   PDATA SIZE       =   ----    ----
   DATA SIZE        =     12    ----
   IDATA SIZE       =   ----    ----
   BIT SIZE         =   ----    ----
END OF MODULE INFORMATION.


C51 COMPILATION COMPLETE.  0 WARNING(S),  0 ERROR(S)
