C51 COMPILER V9.60.0.0   SEGDRIVER                                                         03/04/2022 19:46:27 PAGE 1   


C51 COMPILER V9.60.0.0, COMPILATION OF MODULE SEGDRIVER
OBJECT MODULE PLACED IN .\Objects\SEGDriver.obj
COMPILER INVOKED BY: C:\Program Files\Keil 5\C51\BIN\C51.EXE SEGDriver.c OPTIMIZE(8,SPEED) BROWSE DEBUG OBJECTEXTEND PRI
                    -NT(.\Listings\SEGDriver.lst) TABS(2) OBJECT(.\Objects\SEGDriver.obj)

line level    source

   1          #include "SEGDriver.h"
   2          
   3          unsigned char SEG_Str[10]={0xC0,0xF9,0xA4,0xB0,0x99,0x92,0x82,0xF8,0x80,0x90};
   4          
   5          
   6          
   7          void SEGShowNum(unsigned int num){
   8   1        static unsigned char i=0;
   9   1        SEG = 0xFF;
  10   1      
  11   1        switch (i)
  12   1        {
  13   2            case 0: SEG2=1; SEG1=1; SEG0=0; i=0; SEG=~(SEG_Str[num%10]); break;
  14   2            case 1: SEG2=1; SEG1=0; SEG0=1; i++; SEG=~(SEG_Str[num/10%10]); break;
  15   2            case 2: SEG2=0; SEG1=1; SEG0=1; i=0; SEG=~(SEG_Str[num/100]); break;
  16   2            default: break;
  17   2        }
  18   1        
  19   1      }


MODULE INFORMATION:   STATIC OVERLAYABLE
   CODE SIZE        =     78    ----
   CONSTANT SIZE    =   ----    ----
   XDATA SIZE       =   ----    ----
   PDATA SIZE       =   ----    ----
   DATA SIZE        =     11    ----
   IDATA SIZE       =   ----    ----
   BIT SIZE         =   ----    ----
END OF MODULE INFORMATION.


C51 COMPILATION COMPLETE.  0 WARNING(S),  0 ERROR(S)
