C51 COMPILER V9.60.0.0   KEY                                                               06/06/2021 20:49:01 PAGE 1   


C51 COMPILER V9.60.0.0, COMPILATION OF MODULE KEY
OBJECT MODULE PLACED IN .\Objects\Key.obj
COMPILER INVOKED BY: F:\Keil5\C51\BIN\C51.EXE Key.c OPTIMIZE(8,SPEED) BROWSE DEBUG OBJECTEXTEND PRINT(.\Listings\Key.lst
                    -) OBJECT(.\Objects\Key.obj)

line level    source

   1          #include "Key.h"
   2          
   3          sbit DebugLED = P1^0;
   4          
   5          
   6          unsigned char pdata KeySta[4][3]={
   7                                                                                                                                                  {1,1,1},                                                //按键当前状态  1 弹起   0 按下
   8                                                                                                                                                  {1,1,1},
   9                                                                                                                                                  {1,1,1},
  10                                                                                                                                                  {1,1,1}};
  11          
  12          unsigned char code KeyCodeMap[4][3]={
  13                                                                                                                                                          {'1','2','3'},
  14                                                                                                                                                          {'4','5','6'},          //按键地图
  15                                                                                                                                                          {'7','8','9'},
  16                                                                                                                                                          {0x0D,'0',0x0B}};                                                                                                                                               
  17          /**************按键扫描******************/
  18          void KeyScan()
  19          {
  20   1              unsigned char i;
  21   1              static unsigned char keyin=0;
  22   1              static unsigned char Keybuf[4][3]={
  23   1                                              {0xFF,0xFF,0xFF},{0xFF,0xFF,0xFF},                      
  24   1                                              {0xFF,0xFF,0xFF},{0xFF,0xFF,0xFF}};
  25   1              
  26   1              Keybuf[keyin][0] = (Keybuf[keyin][0] << 1)      |KEY_OUT_1;
  27   1              Keybuf[keyin][1] = (Keybuf[keyin][1] << 1)      |KEY_OUT_2;
  28   1              Keybuf[keyin][2] = (Keybuf[keyin][2] << 1)      |KEY_OUT_3;
  29   1              
  30   1              for(i=0;i<3;i++)
  31   1              {
  32   2                      if((Keybuf[keyin][i] & 0x0F) == 0x00)
  33   2                      {
  34   3                              KeySta[keyin][i] = 0;
  35   3                      }
  36   2                      else if((Keybuf[keyin][i] & 0x0F) == 0x0F)
  37   2                      {
  38   3                              KeySta[keyin][i] = 1;
  39   3                      }
  40   2              }
  41   1              
  42   1              keyin++;
  43   1              keyin &= 0x03;
  44   1              
  45   1              switch (keyin)
  46   1              {
  47   2                      case 0: KEY_IN_4 = 1;KEY_IN_1 = 0;break;
  48   2                      case 1: KEY_IN_1 = 1;KEY_IN_2 = 0;break;
  49   2                      case 2: KEY_IN_2 = 1;KEY_IN_3 = 0;break;
  50   2                      case 3: KEY_IN_3 = 1;KEY_IN_4 = 0;break;
  51   2                      default:break;
  52   2              }
  53   1      }
  54          /**************************************/
C51 COMPILER V9.60.0.0   KEY                                                               06/06/2021 20:49:01 PAGE 2   

  55          


MODULE INFORMATION:   STATIC OVERLAYABLE
   CODE SIZE        =    196    ----
   CONSTANT SIZE    =     12    ----
   XDATA SIZE       =   ----    ----
   PDATA SIZE       =     12    ----
   DATA SIZE        =     13    ----
   IDATA SIZE       =   ----    ----
   BIT SIZE         =   ----    ----
END OF MODULE INFORMATION.


C51 COMPILATION COMPLETE.  0 WARNING(S),  0 ERROR(S)
