C51 COMPILER V9.60.0.0   MAIN                                                              06/06/2021 20:49:01 PAGE 1   


C51 COMPILER V9.60.0.0, COMPILATION OF MODULE MAIN
OBJECT MODULE PLACED IN .\Objects\main.obj
COMPILER INVOKED BY: F:\Keil5\C51\BIN\C51.EXE main.c OPTIMIZE(8,SPEED) BROWSE DEBUG OBJECTEXTEND PRINT(.\Listings\main.l
                    -st) OBJECT(.\Objects\main.obj)

line level    source

   1          #include <reg52.h>
   2          #include <intrins.h>
   3          
   4          #include "LCD1601.h"
   5          #include "Key.h"
   6          #include "variable.h"
   7          
   8          
   9          
  10          
  11          void main()
  12          {
  13   1              unsigned char i;
  14   1              EA = 1;
  15   1              LCDInit();
  16   1              InitTime(50);
  17   1              
  18   1              LED2 = 0;                                               //绿色小灯
  19   1              
  20   1              LCDShowStr(4,0,"*******");
  21   1              
  22   1              for(i=0;i<2;i++)
  23   1              {
  24   2                              Buzz = 0;
  25   2                              delay(100);     //开机响两下
  26   2                              Buzz = 1;
  27   2                              delay(500);
  28   2              }
  29   1              
  30   1              
  31   1              while(1)
  32   1              {
  33   2                              KeyDrive();
  34   2                      
  35   2                              if (step == 1)
  36   2                              {
  37   3                                      if((Place != 0)&&(KeySta[3][2] != 0))
  38   3                                      {
  39   4                                              Place = 0;
  40   4                                              LCDShowStr(4,0,"*******");   //松掉破解按键   清空破解进度
  41   4                                      }
  42   3                              }
  43   2                              else if (step == 2)
  44   2                              {
  45   3                                      step = 4;
  46   3                                      LCDWriteCmd(0x01);
  47   3                                      LCDShowStr(5,0,"CT WIN");                                                       //结局2:CT胜利
  48   3                                      LED2 = 0;
  49   3                              }
  50   2                              else if (step == 3)
  51   2                              {
  52   3                                      step = 4;
  53   3                                      LCDWriteCmd(0x01);
  54   3                                      LCDShowStr(5,0," T WIN");                                                       //结局3:T胜利
C51 COMPILER V9.60.0.0   MAIN                                                              06/06/2021 20:49:01 PAGE 2   

  55   3                                      LED1 = 0;
  56   3                              }
  57   2                              if(PlaceKey == 1)
  58   2                              {
  59   3                                      Placems = 4000;
  60   3                              }
  61   2                              else 
  62   2                              {
  63   3                                      Placems = 2000;
  64   3                              }
  65   2                              
  66   2                              
  67   2              }
  68   1              
  69   1      }
  70          
  71          /**************************************/
  72          void delay(int ms)
  73          {
  74   1              unsigned char i;
  75   1              while(ms--)
  76   1                      for(i=0;i<250;i++)
  77   1                      {
  78   2                              _nop_();
  79   2                              _nop_();
  80   2                              _nop_();
  81   2                              _nop_();
  82   2                      }
  83   1      }
  84          /**************************************/
  85          
  86          /**************************************/
  87          /**************中断设置****************/
  88          void InitTime(unsigned int ms)
  89          {
  90   1              unsigned long tmr;
  91   1              TMOD &= 0xF0;
  92   1              TMOD |= 0x02;
  93   1              
  94   1              tmr = 11059200/12;
  95   1              tmr = (ms * tmr) / 1000;
  96   1              tmr = 65536 - tmr;
  97   1              tmr = tmr + 30;
  98   1              
  99   1              T0RH = (unsigned char)(tmr >> 8);
 100   1              T0RL = (unsigned char)tmr;
 101   1              
 102   1              TH0 = T0RH;
 103   1              TL0 = T0RL;
 104   1              
 105   1              ET0 = 1;
 106   1              TR0 = 1;
 107   1      }
 108          /**************************************/
 109          /************数字转字符*****************/
 110          unsigned char LongToString(unsigned char *str,unsigned long num)
 111          {
 112   1              signed char i = 0;
 113   1              unsigned char len = 0;
 114   1              unsigned char buf[8];
 115   1              
 116   1              do {
C51 COMPILER V9.60.0.0   MAIN                                                              06/06/2021 20:49:01 PAGE 3   

 117   2                      buf[i++] = num%10;
 118   2                      num = num / 10;
 119   2              }while(num > 0);
 120   1              
 121   1              len = i;
 122   1              
 123   1              while (i-- > 0)
 124   1              {
 125   2                      *str++ = buf[i] + '0';
 126   2              }
 127   1              
 128   1              *str = '\0';
 129   1              
 130   1              return len;
 131   1      }
 132          /**************************************/
 133          /*************验证检测*****************/
 134          void Confirm(signed long num)
 135          {
 136   1                              if(num >= 1000000)
 137   1                              {
 138   2                                                      if(step == 0)              //当输入七位数时进入第一阶段（破解密码）
 139   2                                                      {
 140   3                                                              LongToString(PassWord1Str,password1);
 141   3      
 142   3                                                              Buzz = 0;
 143   3                                                              LED1 = 0;
 144   3                                                              LED2 = 1;
 145   3                                                              delay(1500);
 146   3                                                              Buzz = 1;
 147   3                                                              LED1 = 1;
 148   3                                                              LED2 = 1;
 149   3                                                              LCDShowStr(4,0,"*******");
 150   3                                                              
 151   3                                                              step = 1;
 152   3                                                      }
 153   2                                                      else if (step == 1)                             //手动输入第二次的密码后判断
 154   2                                                      {
 155   3                                                                                      
 156   3                                                                                      if(password1 == password2)
 157   3                                                                                      {
 158   4                                                                                              step = 2;
 159   4                                                                                      }
 160   3                                                                                      else                                                    //清空第二次密码  
 161   3                                                                                      {
 162   4                                                                                              password2 = 0;
 163   4                                                                                              delay(500);
 164   4                                                                                              LCDShowStr(4,0,"*******");
 165   4                                                                                      }
 166   3                                                      }
 167   2                              }
 168   1      }
 169          /**************************************/
 170          /************密码保存与显示*************/
 171          void PwAction(unsigned char num)
 172          {
 173   1              unsigned char len;
 174   1              unsigned char str[8];
 175   1              if(step == 0)                                                                                   //第一次输入(初始密码)
 176   1              {
 177   2                      password1 = password1 * 10 + num;
 178   2                      len = LongToString(str,password1);
C51 COMPILER V9.60.0.0   MAIN                                                              06/06/2021 20:49:01 PAGE 4   

 179   2                      
 180   2                      LCDShowStr(11-len,0,str);
 181   2                      
 182   2                      Confirm(password1);
 183   2              }
 184   1              else if(step == 1)                                                                      //第二次输入
 185   1              {
 186   2                      password2 = password2 * 10 + num;
 187   2                      len = LongToString(str,password2);
 188   2                      
 189   2                      LCDShowStr(11-len,0,str);
 190   2                      
 191   2                      Confirm(password2);
 192   2              }
 193   1              
 194   1      }
 195          /**************************************/
 196          /**************按键功能****************/
 197          void KeyAction(unsigned char keycode)
 198          {
 199   1                      if(step == 0)
 200   1                      {
 201   2                              Buzz = 0;
 202   2                              LED1 = 0;
 203   2                              delay(40);                                                                                                              //按下按键滴滴声  =w=
 204   2                              Buzz = 1;
 205   2                              LED1 = 1;
 206   2                      }
 207   1              
 208   1              if((keycode >= '0') && (keycode <= '9'))                //按下按键为数字键
 209   1              {
 210   2                      PwAction(keycode - '0');
 211   2              }
 212   1              else if (keycode == 0x0D)                                                                               //清0按键
 213   1              {
 214   2                      if(step == 0)
 215   2                      {
 216   3                              password1 = 0;
 217   3                              LCDShowStr(4,0,"*******");
 218   3                      }
 219   2                      else if(step == 1) 
 220   2                      {
 221   3                              password2 = 0;
 222   3                              LCDShowStr(4,0,"*******");
 223   3                      }
 224   2                      else if(step == 4)
 225   2                      {
 226   3                              step = 0;
 227   3                              password1 = 0;
 228   3                              password2 = 0;                        //游戏结束后按0全清
 229   3                              Count = 1;
 230   3                              Place = 0;
 231   3                              Spa = 4615;
 232   3                              LCDShowStr(4,0,"*******");
 233   3                      }
 234   2              }
 235   1              else {}
 236   1      }
 237          
 238          /**********    按键驱动    ***********/
 239          void KeyDrive ()
 240          {
C51 COMPILER V9.60.0.0   MAIN                                                              06/06/2021 20:49:01 PAGE 5   

 241   1              static unsigned char pdata backup[4][3]={{1,1,1},{1,1,1},{1,1,1},{1,1,1}};
 242   1              unsigned char i,j;
 243   1              for(i=0;i<4;i++)
 244   1                      for(j=0;j<3;j++)
 245   1              {
 246   2                      if(backup[i][j] != KeySta[i][j])                                //
 247   2                      {
 248   3                              if(backup[i][j] != 0)
 249   3                              {
 250   4                                      KeyAction(KeyCodeMap[i][j]);
 251   4                              }
 252   3                              backup[i][j] = KeySta[i][j];
 253   3                      }
 254   2              }
 255   1      }
 256          /**************************************/
 257          /**************************************/        
 258          
 259          void interruptTime0 () interrupt 1
 260          {
 261   1      
 262   1              
 263   1              TH0 = T0RH;
 264   1              TL0 = T0RL;
 265   1              if (step == 1)
 266   1              {
 267   2                                      /********************长按破译功能******************/
 268   2                                      
 269   2                                      
 270   2                                      if(KeySta[3][2] == 0)                                                                           
 271   2                                      {
 272   3                                              
 273   3                                              if((Count % Placems) == 0)
 274   3                                              {
 275   4                                                      if((4+Place)<8)
 276   4                                                              LCDXYConfig(4+Place,0);
 277   4                                                      else
 278   4                                                              LCDXYConfig(Place-4,1);
 279   4                                                      LCDWriteDat(PassWord1Str[Place]);                               //破解进度
 280   4                                                      Place++;
 281   4                                                      if(Place >= 8)
 282   4                                                      {
 283   5                                                              step = 2;                                                                                                               //破解成功:结局2
 284   5                                                      }
 285   4                                              }
 286   3                                      }
 287   2                                      /************************************************/
 288   2                                      
 289   2                                      if((Count % Spa) == 0)
 290   2                                      {
 291   3                                              Buzz = 0;
 292   3                                              LED1 = 0;
 293   3                                              delay(40);                                                                                              //蜂鸣器与小灯闪烁
 294   3                                              Buzz = 1;
 295   3                                              LED1 = 1;
 296   3                                              if((Spa - 65) > 0)
 297   3                                              Spa -= 65;
 298   3                                      }
 299   2                                      
 300   2                                      if(Count >= 85000)
 301   2                                      {
 302   3                                              step = 3;                                                                                               //时间到：结局3
C51 COMPILER V9.60.0.0   MAIN                                                              06/06/2021 20:49:01 PAGE 6   

 303   3                                      }
 304   2                                      Count ++; 
 305   2              }
 306   1              
 307   1              KeyScan();
 308   1      }


MODULE INFORMATION:   STATIC OVERLAYABLE
   CODE SIZE        =   1393    ----
   CONSTANT SIZE    =     22    ----
   XDATA SIZE       =   ----    ----
   PDATA SIZE       =     12    ----
   DATA SIZE        =     28      39
   IDATA SIZE       =   ----    ----
   BIT SIZE         =   ----    ----
END OF MODULE INFORMATION.


C51 COMPILATION COMPLETE.  0 WARNING(S),  0 ERROR(S)
