C51 COMPILER V9.60.0.0   BSP_WS2812                                                        03/03/2022 19:38:34 PAGE 1   


C51 COMPILER V9.60.0.0, COMPILATION OF MODULE BSP_WS2812
OBJECT MODULE PLACED IN .\Objects\BSP_ws2812.obj
COMPILER INVOKED BY: C:\Program Files\Keil 5\C51\BIN\C51.EXE BSP_ws2812.c OPTIMIZE(8,SPEED) BROWSE DEBUG OBJECTEXTEND PR
                    -INT(.\Listings\BSP_ws2812.lst) TABS(2) OBJECT(.\Objects\BSP_ws2812.obj)

line level    source

   1          #include "BSP_ws2812.h"
   2          
   3          uchar RGB_BUF[24];
   4          
   5          void send_A_bit (uchar VAL) 
   6          {
   7   1        if(VAL==1)
   8   1        {
   9   2          P55=1;
  10   2          _nop_();_nop_();_nop_();_nop_();_nop_();
  11   2          _nop_();_nop_();_nop_();_nop_();_nop_();
  12   2          _nop_();_nop_();_nop_();_nop_();_nop_();
  13   2          _nop_();_nop_();_nop_();_nop_();_nop_();
  14   2          _nop_();_nop_();_nop_();_nop_();_nop_();
  15   2          P55=0;
  16   2        }
  17   1        else
  18   1        {
  19   2          P55=1;
  20   2          _nop_();_nop_();_nop_();
  21   2          _nop_();_nop_();_nop_();
  22   2          _nop_();_nop_();
  23   2          P55=0;
  24   2        }
  25   1      }
  26          
  27          void send_24_Bit (struct RGB RGB_VAL){     // 给ws2812发送 24 位数据
  28   1        uchar i=0;
  29   1        TR0 = 0;
  30   1        while(i!=8){
  31   2          RGB_BUF[i]= (RGB_VAL.G_VAL>>i&0x01);
  32   2          i++;
  33   2        }
  34   1        while(i!=16){
  35   2          RGB_BUF[i]= (RGB_VAL.R_VAL>>(i-8)&0x01);
  36   2          i++;
  37   2        }
  38   1        while(i!=24){
  39   2          RGB_BUF[i]= (RGB_VAL.B_VAL>>(i-16)&0x01);
  40   2          i++;
  41   2        }
  42   1        i=0;
  43   1        while(i!=24){
  44   2          send_A_bit(RGB_BUF[i]);
  45   2          i++;
  46   2        }
  47   1        TR0 = 1;
  48   1      }
  49          


MODULE INFORMATION:   STATIC OVERLAYABLE
   CODE SIZE        =    155    ----
   CONSTANT SIZE    =   ----    ----
C51 COMPILER V9.60.0.0   BSP_WS2812                                                        03/03/2022 19:38:34 PAGE 2   

   XDATA SIZE       =   ----    ----
   PDATA SIZE       =   ----    ----
   DATA SIZE        =     24       3
   IDATA SIZE       =   ----    ----
   BIT SIZE         =   ----    ----
END OF MODULE INFORMATION.


C51 COMPILATION COMPLETE.  0 WARNING(S),  0 ERROR(S)
