C51 COMPILER V9.60.0.0   MAIN                                                              02/16/2022 17:17:39 PAGE 1   


C51 COMPILER V9.60.0.0, COMPILATION OF MODULE MAIN
OBJECT MODULE PLACED IN .\Objects\main.obj
COMPILER INVOKED BY: C:\Program Files\Keil 5\C51\BIN\C51.EXE main.c OPTIMIZE(8,SPEED) BROWSE DEBUG OBJECTEXTEND PRINT(.\
                    -Listings\main.lst) TABS(2) OBJECT(.\Objects\main.obj)

line level    source

   1          #include "reg52.h"
   2          #include "intrins.h"
   3          sbit PwmOut = P1^0;
   4          sbit Button = P1^1;
   5          bit ledBuff=0;
   6          unsigned char halfMsCount=0;
   7          unsigned char PwmDownTime=0;
   8          void delay(int ms);
   9          int main(void) {
  10   1        TMOD = 0x01;
  11   1        TH0 = 0xFE;
  12   1        TL0 = 0x0C;
  13   1        TR0 = 1;
  14   1        ET0 = 1;
  15   1        EA = 1;
  16   1        while(1){
  17   2          if(Button == 0){
  18   3            delay(10);
  19   3            if(Button == 0) {
  20   4              while(Button);
  21   4              ledBuff =~ledBuff;
  22   4            }
  23   3          }
  24   2          if(ledBuff) {
  25   3            PwmDownTime = 37;
  26   3          } else {
  27   3            PwmDownTime = 38;
  28   3          }
  29   2        }
  30   1        
  31   1      }
  32          void delay(int ms){
  33   1        unsigned char i=0;
  34   1        while(ms--){
  35   2          for(i=0;i<200;i++) {
  36   3            _nop_();_nop_();_nop_();_nop_();_nop_();
  37   3          }
  38   2        }
  39   1      }
  40          void interruptTime0 () interrupt 1 {
  41   1        TH0 = 0xFE;
  42   1        TL0 = 0x0C;
  43   1        
  44   1        if(halfMsCount <= PwmDownTime) {
  45   2          PwmOut = 0;
  46   2        } else {
  47   2          PwmOut = 1;
  48   2        }
  49   1        if(halfMsCount == 40){
  50   2          halfMsCount = 0;
  51   2        } else {
  52   2          halfMsCount++;
  53   2        }
  54   1        
C51 COMPILER V9.60.0.0   MAIN                                                              02/16/2022 17:17:39 PAGE 2   

  55   1        
  56   1      }


MODULE INFORMATION:   STATIC OVERLAYABLE
   CODE SIZE        =    117    ----
   CONSTANT SIZE    =   ----    ----
   XDATA SIZE       =   ----    ----
   PDATA SIZE       =   ----    ----
   DATA SIZE        =      2    ----
   IDATA SIZE       =   ----    ----
   BIT SIZE         =      1    ----
END OF MODULE INFORMATION.


C51 COMPILATION COMPLETE.  0 WARNING(S),  0 ERROR(S)
